[     130ms] NetworkError: Failed to execute 'send' on 'XMLHttpRequest': Failed to load 'http://oracle-abha.brainsait.org/Oasis/faces/Home': Synchronous XHR in page dismissal. See https://www.chromestatus.com/feature/4664843055398912 for more details.
    at AdfXMLRequest.send (http://oracle-abha.brainsait.org/Oasis/afr/partition/webkit/n/default/opt/d/core-xty4fu.js:37:417)
    at AdfDhtmlPage.notifyWindowUnloaded (http://oracle-abha.brainsait.org/Oasis/afr/partition/webkit/n/default/opt/d/boot-90btl4.js:611:172)
    at AdfDhtmlPage._handleBeforeUnload (http://oracle-abha.brainsait.org/Oasis/afr/partition/webkit/n/default/opt/d/boot-90btl4.js:652:325)
    at eval (eval at AdfObject.createCallback (http://oracle-abha.brainsait.org/Oasis/afr/partition/webkit/n/default/opt/d/boot-90btl4.js:23:320), <anonymous>:3:40)
[    1009ms] [LOG] paths ../security-api/static/assets/bundle.min.js?v=1.7,/hr-api/static/assets/bundle.min.js @ http://oracle-abha.brainsait.org/Oasis/resources/scripts/CommonOasisJs.min.js?v=8.12:596
[    1009ms] [LOG] code ../security-api/static/assets/bundle.min.js?v=1.7 @ http://oracle-abha.brainsait.org/Oasis/resources/scripts/CommonOasisJs.min.js?v=8.12:604
[    1009ms] [LOG] code /hr-api/static/assets/bundle.min.js @ http://oracle-abha.brainsait.org/Oasis/resources/scripts/CommonOasisJs.min.js?v=8.12:604
[    1009ms] [LOG] paths /Oasis/security-service/static/assets/bundle.min.js?v=1.2.0,/Oasis/ms-report/static/assets/bundle.min.js?v=1.0.1,/Oasis/release-notes-service/static/assets/bundle.min.js?v=0.0.25,/Oasis/security-service/static/assets/bundle.min.js?v=1.2.20 @ http://oracle-abha.brainsait.org/Oasis/resources/scripts/CommonOasisJs.min.js?v=8.12:596
[    1009ms] [LOG] code /Oasis/security-service/static/assets/bundle.min.js?v=1.2.0 @ http://oracle-abha.brainsait.org/Oasis/resources/scripts/CommonOasisJs.min.js?v=8.12:604
[    1009ms] [LOG] code /Oasis/ms-report/static/assets/bundle.min.js?v=1.0.1 @ http://oracle-abha.brainsait.org/Oasis/resources/scripts/CommonOasisJs.min.js?v=8.12:604
[    1009ms] [LOG] code /Oasis/release-notes-service/static/assets/bundle.min.js?v=0.0.25 @ http://oracle-abha.brainsait.org/Oasis/resources/scripts/CommonOasisJs.min.js?v=8.12:604
[    1009ms] [LOG] code /Oasis/security-service/static/assets/bundle.min.js?v=1.2.20 @ http://oracle-abha.brainsait.org/Oasis/resources/scripts/CommonOasisJs.min.js?v=8.12:604
[    1015ms] [LOG] refreshing the container panel group layout @ http://oracle-abha.brainsait.org/Oasis/resources/scripts/CommonOasisJs.min.js?v=8.12:1004
[    1017ms] [ERROR] Failed to load resource: the server responded with a status of 404 (Not Found) @ http://oracle-abha.brainsait.org/Oasis/security-api/static/assets/bundle.min.js?v=1.7:0
[    1017ms] [ERROR] Failed to load resource: the server responded with a status of 404 (Not Found) @ http://oracle-abha.brainsait.org/hr-api/static/assets/bundle.min.js:0
[    1043ms] [LOG] INIT STARTING @ http://oracle-abha.brainsait.org/Oasis/resources/scripts/main.js?v=1.33:50
[    7127ms] [LOG] Creating shaow dom @ http://oracle-abha.brainsait.org/Oasis/security-service/static/assets/bundle.min.js?v=1.2.20:547
[    7127ms] [LOG] connectedCallback @ http://oracle-abha.brainsait.org/Oasis/security-service/static/assets/bundle.min.js?v=1.2.20:547
[    7127ms] [LOG] closed shadow domw first @ http://oracle-abha.brainsait.org/Oasis/security-service/static/assets/bundle.min.js?v=1.2.20:547
[    7128ms] [LOG] reconnect to shadown down JSHandle@node null @ http://oracle-abha.brainsait.org/Oasis/security-service/static/assets/bundle.min.js?v=1.2.20:547
[    7128ms] [LOG] JSHandle@node @ http://oracle-abha.brainsait.org/Oasis/security-service/static/assets/bundle.min.js?v=1.2.20:547
